[2022-05-01 15:45:24,655]ReadFile.py-DEBUG-lineNo:60 打开浏览器
[2022-05-01 15:45:24,655]ReadFile.py-DEBUG-lineNo:60 打开百度
[2022-05-01 15:45:24,655]ReadFile.py-DEBUG-lineNo:60 输入宋大屁
[2022-05-01 15:45:24,655]ReadFile.py-DEBUG-lineNo:60 点击百度
[2022-05-01 15:45:24,655]ReadFile.py-DEBUG-lineNo:60 等待
[2022-05-01 15:45:24,655]ReadFile.py-DEBUG-lineNo:60 断言
[2022-05-01 15:45:24,655]ReadFile.py-DEBUG-lineNo:60 关闭
[2022-05-01 16:06:11,838]ReadFile.py-DEBUG-lineNo:58 打开浏览器
[2022-05-01 16:06:11,838]ReadFile.py-DEBUG-lineNo:58 打开百度
[2022-05-01 16:06:11,838]ReadFile.py-DEBUG-lineNo:58 输入宋大屁
[2022-05-01 16:06:11,838]ReadFile.py-DEBUG-lineNo:58 点击百度
[2022-05-01 16:06:11,838]ReadFile.py-DEBUG-lineNo:58 等待
[2022-05-01 16:06:11,838]ReadFile.py-DEBUG-lineNo:58 断言
[2022-05-01 16:06:11,838]ReadFile.py-DEBUG-lineNo:58 关闭
[2022-05-01 16:10:53,691]ReadFile.py-DEBUG-lineNo:60 打开浏览器
[2022-05-01 16:10:53,691]ReadFile.py-DEBUG-lineNo:60 打开百度
[2022-05-01 16:10:53,691]ReadFile.py-DEBUG-lineNo:60 输入宋大屁
[2022-05-01 16:10:53,691]ReadFile.py-DEBUG-lineNo:60 点击百度
[2022-05-01 16:10:53,691]ReadFile.py-DEBUG-lineNo:60 等待
[2022-05-01 16:10:53,691]ReadFile.py-DEBUG-lineNo:60 断言
[2022-05-01 16:11:55,644]ReadFile.py-DEBUG-lineNo:61 打开浏览器
[2022-05-01 16:11:55,644]ReadFile.py-DEBUG-lineNo:61 打开百度
[2022-05-01 16:11:55,644]ReadFile.py-DEBUG-lineNo:61 输入宋大屁
[2022-05-01 16:11:55,644]ReadFile.py-DEBUG-lineNo:61 点击百度
[2022-05-01 16:11:55,644]ReadFile.py-DEBUG-lineNo:61 等待
[2022-05-01 16:11:55,644]ReadFile.py-DEBUG-lineNo:61 断言
[2022-05-01 16:11:55,644]ReadFile.py-DEBUG-lineNo:61 关闭
[2022-05-01 16:32:03,196]ReadFile.py-DEBUG-lineNo:61 打开浏览器
[2022-05-01 16:32:57,962]ReadFile.py-DEBUG-lineNo:61 打开浏览器
[2022-05-01 16:33:00,400]ReadFile.py-DEBUG-lineNo:61 打开百度
[2022-05-01 16:33:01,148]ReadFile.py-DEBUG-lineNo:61 输入宋大屁
[2022-05-01 16:33:01,303]ReadFile.py-DEBUG-lineNo:61 点击百度
[2022-05-01 16:33:01,395]ReadFile.py-DEBUG-lineNo:61 等待
[2022-05-01 16:35:04,474]ReadFile.py-DEBUG-lineNo:61 打开浏览器
[2022-05-01 16:35:06,072]ReadFile.py-DEBUG-lineNo:61 打开百度
[2022-05-01 16:35:06,588]ReadFile.py-DEBUG-lineNo:61 输入uzi
[2022-05-01 16:35:06,731]ReadFile.py-DEBUG-lineNo:61 点击百度
[2022-05-01 16:35:06,820]ReadFile.py-DEBUG-lineNo:61 等待
[2022-05-01 16:35:11,823]ReadFile.py-DEBUG-lineNo:61 断言
[2022-05-01 16:35:56,076]ReadFile.py-DEBUG-lineNo:61 打开浏览器
[2022-05-01 16:36:14,211]ReadFile.py-DEBUG-lineNo:61 打开浏览器
[2022-05-01 16:36:15,738]ReadFile.py-DEBUG-lineNo:61 打开百度
[2022-05-01 16:36:16,282]ReadFile.py-DEBUG-lineNo:61 输入uzi
[2022-05-01 16:36:16,434]ReadFile.py-DEBUG-lineNo:61 点击百度
[2022-05-01 16:36:16,509]ReadFile.py-DEBUG-lineNo:61 等待
[2022-05-01 16:36:21,512]ReadFile.py-DEBUG-lineNo:61 断言
[2022-05-01 16:37:30,378]ReadFile.py-DEBUG-lineNo:61 打开浏览器
[2022-05-01 16:37:31,970]ReadFile.py-DEBUG-lineNo:61 打开百度
[2022-05-01 16:37:32,634]ReadFile.py-DEBUG-lineNo:61 输入uzi
[2022-05-01 16:37:32,793]ReadFile.py-DEBUG-lineNo:61 点击百度
[2022-05-01 16:37:32,883]ReadFile.py-DEBUG-lineNo:61 等待
[2022-05-01 16:37:37,883]ReadFile.py-DEBUG-lineNo:61 断言
[2022-05-01 16:37:37,923]ReadFile.py-DEBUG-lineNo:61 关闭
[2022-05-01 16:42:19,123]ReadFile.py-DEBUG-lineNo:61 打开浏览器
[2022-05-01 16:42:28,611]ReadFile.py-DEBUG-lineNo:61 打开浏览器
[2022-05-01 16:42:42,679]ReadFile.py-DEBUG-lineNo:61 打开浏览器
[2022-05-01 16:42:55,498]ReadFile.py-DEBUG-lineNo:61 打开浏览器
[2022-05-01 16:42:56,999]ReadFile.py-DEBUG-lineNo:61 打开百度
[2022-05-01 16:42:57,717]ReadFile.py-DEBUG-lineNo:61 输入uzi
[2022-05-01 16:42:57,875]ReadFile.py-DEBUG-lineNo:61 点击百度
[2022-05-01 16:42:57,960]ReadFile.py-DEBUG-lineNo:61 等待
[2022-05-01 16:43:02,961]ReadFile.py-DEBUG-lineNo:61 断言
[2022-05-01 16:43:03,020]ReadFile.py-DEBUG-lineNo:61 关闭
[2022-05-01 16:50:31,986]ReadFile.py-DEBUG-lineNo:61 打开浏览器
[2022-05-01 16:50:33,735]ReadFile.py-DEBUG-lineNo:61 打开百度
[2022-05-01 16:50:34,427]ReadFile.py-DEBUG-lineNo:61 输入uzi
[2022-05-01 16:50:34,578]ReadFile.py-DEBUG-lineNo:61 点击百度
[2022-05-01 16:50:34,653]ReadFile.py-DEBUG-lineNo:61 等待
[2022-05-01 16:50:39,668]ReadFile.py-DEBUG-lineNo:61 断言
[2022-05-01 16:50:39,717]ReadFile.py-DEBUG-lineNo:61 关闭
[2022-05-01 16:54:18,011]ReadFile.py-DEBUG-lineNo:60 打开浏览器
[2022-05-01 16:54:19,743]ReadFile.py-DEBUG-lineNo:60 打开百度
[2022-05-01 16:54:20,390]ReadFile.py-DEBUG-lineNo:60 输入uzi
[2022-05-01 16:54:20,536]ReadFile.py-DEBUG-lineNo:60 点击百度
[2022-05-01 16:54:20,621]ReadFile.py-DEBUG-lineNo:60 等待
[2022-05-01 16:54:25,639]ReadFile.py-DEBUG-lineNo:60 断言
[2022-05-01 16:54:25,689]ReadFile.py-DEBUG-lineNo:60 关闭
[2022-05-01 16:58:01,805]ReadFile.py-DEBUG-lineNo:60 打开浏览器
[2022-05-01 16:58:03,361]ReadFile.py-DEBUG-lineNo:60 打开百度
[2022-05-01 16:58:04,030]ReadFile.py-DEBUG-lineNo:60 输入uzi
[2022-05-01 16:58:04,181]ReadFile.py-DEBUG-lineNo:60 点击百度
[2022-05-01 16:58:04,259]ReadFile.py-DEBUG-lineNo:60 等待
[2022-05-01 16:58:09,263]ReadFile.py-DEBUG-lineNo:60 断言
[2022-05-01 16:58:09,303]ReadFile.py-DEBUG-lineNo:60 关闭
[2022-05-01 16:58:42,993]ReadFile.py-DEBUG-lineNo:60 打开浏览器
[2022-05-01 16:58:44,552]ReadFile.py-DEBUG-lineNo:60 打开百度
[2022-05-01 16:58:45,044]ReadFile.py-DEBUG-lineNo:60 输入uzi
[2022-05-01 16:58:45,210]ReadFile.py-DEBUG-lineNo:60 点击百度
[2022-05-01 16:58:45,280]ReadFile.py-DEBUG-lineNo:60 等待
[2022-05-01 16:58:50,298]ReadFile.py-DEBUG-lineNo:60 断言
[2022-05-01 16:58:50,328]ReadFile.py-DEBUG-lineNo:60 关闭
[2022-05-01 17:02:39,356]ReadFile.py-DEBUG-lineNo:60 打开浏览器
[2022-05-01 17:02:41,129]ReadFile.py-DEBUG-lineNo:60 打开百度
[2022-05-01 17:02:41,839]ReadFile.py-DEBUG-lineNo:60 输入uzi
[2022-05-01 17:02:41,987]ReadFile.py-DEBUG-lineNo:60 点击百度
[2022-05-01 17:02:42,060]ReadFile.py-DEBUG-lineNo:60 等待
[2022-05-01 17:02:47,076]ReadFile.py-DEBUG-lineNo:60 断言
[2022-05-01 17:02:47,112]ReadFile.py-DEBUG-lineNo:60 关闭
[2022-05-01 17:05:48,243]ReadFile.py-DEBUG-lineNo:60 打开浏览器
[2022-05-01 17:05:50,242]ReadFile.py-DEBUG-lineNo:60 打开百度
[2022-05-01 17:05:50,913]ReadFile.py-DEBUG-lineNo:60 输入uzi
[2022-05-01 17:05:51,058]ReadFile.py-DEBUG-lineNo:60 点击百度
[2022-05-01 17:05:51,130]ReadFile.py-DEBUG-lineNo:60 等待
[2022-05-01 17:05:56,140]ReadFile.py-DEBUG-lineNo:60 断言
[2022-05-01 17:05:56,179]ReadFile.py-DEBUG-lineNo:60 关闭
[2022-05-01 17:06:21,951]ReadFile.py-DEBUG-lineNo:60 打开浏览器
[2022-05-01 17:06:23,596]ReadFile.py-DEBUG-lineNo:60 打开百度
[2022-05-01 17:06:24,102]ReadFile.py-DEBUG-lineNo:60 输入uzi
[2022-05-01 17:06:24,265]ReadFile.py-DEBUG-lineNo:60 点击百度
[2022-05-01 17:06:24,334]ReadFile.py-DEBUG-lineNo:60 等待
[2022-05-01 17:06:29,350]ReadFile.py-DEBUG-lineNo:60 断言
[2022-05-01 17:06:29,387]ReadFile.py-DEBUG-lineNo:60 关闭
[2022-05-01 17:09:13,363]ReadFile.py-DEBUG-lineNo:60 打开浏览器
[2022-05-01 17:09:14,927]ReadFile.py-DEBUG-lineNo:60 打开百度
[2022-05-01 17:09:15,585]ReadFile.py-DEBUG-lineNo:60 输入uzi
[2022-05-01 17:09:15,739]ReadFile.py-DEBUG-lineNo:60 点击百度
[2022-05-01 17:09:15,814]ReadFile.py-DEBUG-lineNo:60 等待
[2022-05-01 17:09:20,832]ReadFile.py-DEBUG-lineNo:60 断言
[2022-05-01 17:09:20,953]ReadFile.py-DEBUG-lineNo:60 关闭
[2022-05-01 17:12:51,301]ReadFile.py-DEBUG-lineNo:60 打开浏览器
[2022-05-01 17:12:53,068]ReadFile.py-DEBUG-lineNo:60 打开百度
[2022-05-01 17:12:53,737]ReadFile.py-DEBUG-lineNo:60 输入uzi
[2022-05-01 17:12:53,876]ReadFile.py-DEBUG-lineNo:60 点击百度
[2022-05-01 17:12:53,954]ReadFile.py-DEBUG-lineNo:60 等待
[2022-05-01 17:12:58,956]ReadFile.py-DEBUG-lineNo:60 断言
[2022-05-01 17:14:42,493]ReadFile.py-DEBUG-lineNo:60 打开浏览器
[2022-05-01 17:14:44,016]ReadFile.py-DEBUG-lineNo:60 打开百度
[2022-05-01 17:14:44,591]ReadFile.py-DEBUG-lineNo:60 输入uzi
[2022-05-01 17:14:44,747]ReadFile.py-DEBUG-lineNo:60 点击百度
[2022-05-01 17:14:44,839]ReadFile.py-DEBUG-lineNo:60 等待
[2022-05-01 17:14:49,846]ReadFile.py-DEBUG-lineNo:60 断言
[2022-05-01 17:23:26,185]ReadFile.py-DEBUG-lineNo:60 打开浏览器
[2022-05-01 17:23:28,195]ReadFile.py-DEBUG-lineNo:60 打开百度
[2022-05-01 17:23:29,660]ReadFile.py-DEBUG-lineNo:60 输入uzi
[2022-05-01 17:23:29,821]ReadFile.py-DEBUG-lineNo:60 点击百度
[2022-05-01 17:23:29,902]ReadFile.py-DEBUG-lineNo:60 等待
[2022-05-01 17:23:34,910]ReadFile.py-DEBUG-lineNo:60 断言
[2022-05-01 17:23:35,076]ReadFile.py-DEBUG-lineNo:60 关闭
[2022-05-01 17:29:25,216]ReadFile.py-DEBUG-lineNo:60 打开浏览器
[2022-05-01 17:29:26,754]ReadFile.py-DEBUG-lineNo:60 打开百度
[2022-05-01 17:29:27,432]ReadFile.py-DEBUG-lineNo:60 输入uzi
[2022-05-01 17:29:27,584]ReadFile.py-DEBUG-lineNo:60 点击百度
[2022-05-01 17:29:27,670]ReadFile.py-DEBUG-lineNo:60 等待
[2022-05-01 17:29:32,687]ReadFile.py-DEBUG-lineNo:60 断言
[2022-05-01 17:29:32,717]ReadFile.py-DEBUG-lineNo:60 关闭
[2022-05-01 17:33:03,337]ReadFile.py-DEBUG-lineNo:60 打开浏览器
[2022-05-01 17:33:04,903]ReadFile.py-DEBUG-lineNo:60 打开百度
[2022-05-01 17:33:05,546]ReadFile.py-DEBUG-lineNo:60 输入美女
[2022-05-01 17:33:05,698]ReadFile.py-DEBUG-lineNo:60 点击百度
[2022-05-01 17:33:05,777]ReadFile.py-DEBUG-lineNo:60 等待
[2022-05-01 17:33:10,781]ReadFile.py-DEBUG-lineNo:60 断言
[2022-05-01 17:33:10,820]ReadFile.py-DEBUG-lineNo:60 关闭
